# JRE version: Java(TM) SE Runtime Environment (8.0_60-b27) (build 1.8.0_60-b27)
# Java VM: Java HotSpot(TM) 64-Bit Server VM (25.60-b23 mixed mode windows-amd64 compressed oops)
Heap:
 PSYoungGen      total 241152K, used 142130K [0x00000000d6180000, 0x00000000e8080000, 0x0000000100000000)
  eden space 236544K, 60% used [0x00000000d6180000,0x00000000dec4cb68,0x00000000e4880000)
  from space 4608K, 0% used [0x00000000e7c00000,0x00000000e7c00000,0x00000000e8080000)
  to   space 10752K, 0% used [0x00000000e6b80000,0x00000000e6b80000,0x00000000e7600000)
 ParOldGen       total 85504K, used 29794K [0x0000000082400000, 0x0000000087780000, 0x00000000d6180000)
  object space 85504K, 34% used [0x0000000082400000,0x0000000084118808,0x0000000087780000)
 Metaspace       used 67675K, capacity 72942K, committed 73216K, reserved 1114112K
  class space    used 8098K, capacity 9201K, committed 9216K, reserved 1048576K
GC Heap History (10 events):
Event: 1082.136 GC heap before
{Heap before GC invocations=48 (full 18):
 PSYoungGen      total 241664K, used 5120K [0x00000000d6180000, 0x00000000e8b00000, 0x0000000100000000)
  eden space 236544K, 0% used [0x00000000d6180000,0x00000000d6180000,0x00000000e4880000)
  from space 5120K, 100% used [0x00000000e8600000,0x00000000e8b00000,0x00000000e8b00000)
  to   space 11264K, 0% used [0x00000000e7500000,0x00000000e7500000,0x00000000e8000000)
 ParOldGen       total 85504K, used 27491K [0x0000000082400000, 0x0000000087780000, 0x00000000d6180000)
  object space 85504K, 32% used [0x0000000082400000,0x0000000083ed8e98,0x0000000087780000)
 Metaspace       used 66911K, capacity 72032K, committed 72192K, reserved 1112064K
  class space    used 8003K, capacity 9094K, committed 9216K, reserved 1048576K
Event: 1082.380 GC heap after
Heap after GC invocations=48 (full 18):
 PSYoungGen      total 241664K, used 0K [0x00000000d6180000, 0x00000000e8b00000, 0x0000000100000000)
  eden space 236544K, 0% used [0x00000000d6180000,0x00000000d6180000,0x00000000e4880000)
  from space 5120K, 0% used [0x00000000e8600000,0x00000000e8600000,0x00000000e8b00000)
  to   space 11264K, 0% used [0x00000000e7500000,0x00000000e7500000,0x00000000e8000000)
 ParOldGen       total 85504K, used 28565K [0x0000000082400000, 0x0000000087780000, 0x00000000d6180000)
  object space 85504K, 33% used [0x0000000082400000,0x0000000083fe5440,0x0000000087780000)
 Metaspace       used 66890K, capacity 71984K, committed 72192K, reserved 1112064K
  class space    used 7999K, capacity 9078K, committed 9216K, reserved 1048576K
}
Event: 1087.223 GC heap before
{Heap before GC invocations=49 (full 18):
 PSYoungGen      total 241664K, used 150005K [0x00000000d6180000, 0x00000000e8b00000, 0x0000000100000000)
  eden space 236544K, 63% used [0x00000000d6180000,0x00000000df3fd758,0x00000000e4880000)
  from space 5120K, 0% used [0x00000000e8600000,0x00000000e8600000,0x00000000e8b00000)
  to   space 11264K, 0% used [0x00000000e7500000,0x00000000e7500000,0x00000000e8000000)
 ParOldGen       total 85504K, used 28565K [0x0000000082400000, 0x0000000087780000, 0x00000000d6180000)
  object space 85504K, 33% used [0x0000000082400000,0x0000000083fe5440,0x0000000087780000)
 Metaspace       used 67138K, capacity 72372K, committed 72704K, reserved 1112064K
  class space    used 8032K, capacity 9121K, committed 9216K, reserved 1048576K
Event: 1087.229 GC heap after
Heap after GC invocations=49 (full 18):
 PSYoungGen      total 241664K, used 4632K [0x00000000d6180000, 0x00000000e8680000, 0x0000000100000000)
  eden space 236544K, 0% used [0x00000000d6180000,0x00000000d6180000,0x00000000e4880000)
  from space 5120K, 90% used [0x00000000e7500000,0x00000000e79863e8,0x00000000e7a00000)
  to   space 10752K, 0% used [0x00000000e7c00000,0x00000000e7c00000,0x00000000e8680000)
 ParOldGen       total 85504K, used 28573K [0x0000000082400000, 0x0000000087780000, 0x00000000d6180000)
  object space 85504K, 33% used [0x0000000082400000,0x0000000083fe7440,0x0000000087780000)
 Metaspace       used 67138K, capacity 72372K, committed 72704K, reserved 1112064K
  class space    used 8032K, capacity 9121K, committed 9216K, reserved 1048576K
}
Event: 1087.229 GC heap before
{Heap before GC invocations=50 (full 19):
 PSYoungGen      total 241664K, used 4632K [0x00000000d6180000, 0x00000000e8680000, 0x0000000100000000)
  eden space 236544K, 0% used [0x00000000d6180000,0x00000000d6180000,0x00000000e4880000)
  from space 5120K, 90% used [0x00000000e7500000,0x00000000e79863e8,0x00000000e7a00000)
  to   space 10752K, 0% used [0x00000000e7c00000,0x00000000e7c00000,0x00000000e8680000)
 ParOldGen       total 85504K, used 28573K [0x0000000082400000, 0x0000000087780000, 0x00000000d6180000)
  object space 85504K, 33% used [0x0000000082400000,0x0000000083fe7440,0x0000000087780000)
 Metaspace       used 67138K, capacity 72372K, committed 72704K, reserved 1112064K
  class space    used 8032K, capacity 9121K, committed 9216K, reserved 1048576K
Event: 1087.356 GC heap after
Heap after GC invocations=50 (full 19):
 PSYoungGen      total 241664K, used 0K [0x00000000d6180000, 0x00000000e8680000, 0x0000000100000000)
  eden space 236544K, 0% used [0x00000000d6180000,0x00000000d6180000,0x00000000e4880000)
  from space 5120K, 0% used [0x00000000e7500000,0x00000000e7500000,0x00000000e7a00000)
  to   space 10752K, 0% used [0x00000000e7c00000,0x00000000e7c00000,0x00000000e8680000)
 ParOldGen       total 85504K, used 29930K [0x0000000082400000, 0x0000000087780000, 0x00000000d6180000)
  object space 85504K, 35% used [0x0000000082400000,0x000000008413aa38,0x0000000087780000)
 Metaspace       used 67135K, capacity 72366K, committed 72704K, reserved 1112064K
  class space    used 8031K, capacity 9119K, committed 9216K, reserved 1048576K
}
Event: 1107.140 GC heap before
{Heap before GC invocations=51 (full 19):
 PSYoungGen      total 241664K, used 186965K [0x00000000d6180000, 0x00000000e8680000, 0x0000000100000000)
  eden space 236544K, 79% used [0x00000000d6180000,0x00000000e18154e0,0x00000000e4880000)
  from space 5120K, 0% used [0x00000000e7500000,0x00000000e7500000,0x00000000e7a00000)
  to   space 10752K, 0% used [0x00000000e7c00000,0x00000000e7c00000,0x00000000e8680000)
 ParOldGen       total 85504K, used 29930K [0x0000000082400000, 0x0000000087780000, 0x00000000d6180000)
  object space 85504K, 35% used [0x0000000082400000,0x000000008413aa38,0x0000000087780000)
 Metaspace       used 67399K, capacity 72626K, committed 72704K, reserved 1112064K
  class space    used 8066K, capacity 9162K, committed 9216K, reserved 1048576K
Event: 1107.144 GC heap after
Heap after GC invocations=51 (full 19):
 PSYoungGen      total 241152K, used 4466K [0x00000000d6180000, 0x00000000e8080000, 0x0000000100000000)
  eden space 236544K, 0% used [0x00000000d6180000,0x00000000d6180000,0x00000000e4880000)
  from space 4608K, 96% used [0x00000000e7c00000,0x00000000e805cb88,0x00000000e8080000)
  to   space 10752K, 0% used [0x00000000e6b80000,0x00000000e6b80000,0x00000000e7600000)
 ParOldGen       total 85504K, used 29938K [0x0000000082400000, 0x0000000087780000, 0x00000000d6180000)
  object space 85504K, 35% used [0x0000000082400000,0x000000008413ca38,0x0000000087780000)
 Metaspace       used 67399K, capacity 72626K, committed 72704K, reserved 1112064K
  class space    used 8066K, capacity 9162K, committed 9216K, reserved 1048576K
}
Event: 1107.144 GC heap before
{Heap before GC invocations=52 (full 20):
 PSYoungGen      total 241152K, used 4466K [0x00000000d6180000, 0x00000000e8080000, 0x0000000100000000)
  eden space 236544K, 0% used [0x00000000d6180000,0x00000000d6180000,0x00000000e4880000)
  from space 4608K, 96% used [0x00000000e7c00000,0x00000000e805cb88,0x00000000e8080000)
  to   space 10752K, 0% used [0x00000000e6b80000,0x00000000e6b80000,0x00000000e7600000)
 ParOldGen       total 85504K, used 29938K [0x0000000082400000, 0x0000000087780000, 0x00000000d6180000)
  object space 85504K, 35% used [0x0000000082400000,0x000000008413ca38,0x0000000087780000)
 Metaspace       used 67399K, capacity 72626K, committed 72704K, reserved 1112064K
  class space    used 8066K, capacity 9162K, committed 9216K, reserved 1048576K
Event: 1107.227 GC heap after
Heap after GC invocations=52 (full 20):
 PSYoungGen      total 241152K, used 0K [0x00000000d6180000, 0x00000000e8080000, 0x0000000100000000)
  eden space 236544K, 0% used [0x00000000d6180000,0x00000000d6180000,0x00000000e4880000)
  from space 4608K, 0% used [0x00000000e7c00000,0x00000000e7c00000,0x00000000e8080000)
  to   space 10752K, 0% used [0x00000000e6b80000,0x00000000e6b80000,0x00000000e7600000)
 ParOldGen       total 85504K, used 29794K [0x0000000082400000, 0x0000000087780000, 0x00000000d6180000)
  object space 85504K, 34% used [0x0000000082400000,0x0000000084118808,0x0000000087780000)
 Metaspace       used 67397K, capacity 72620K, committed 72704K, reserved 1112064K
  class space    used 8065K, capacity 9160K, committed 9216K, reserved 1048576K
}

